<?xml version="1.0" encoding="UTF-8" ?>
<testsuite failures="0" time="3.31" errors="0" skipped="0" tests="3" name="com.icitic.avp.bean.pojo.hbm.dao.IcSysParaDaoTest">
  <properties>
    <property name="java.runtime.name" value="Java(TM) SE Runtime Environment"/>
    <property name="sun.boot.library.path" value="C:\Program Files\Java\jdk1.6.0_23\jre\bin"/>
    <property name="java.vm.version" value="19.0-b09"/>
    <property name="java.vm.vendor" value="Sun Microsystems Inc."/>
    <property name="java.vendor.url" value="http://java.sun.com/"/>
    <property name="path.separator" value=";"/>
    <property name="java.vm.name" value="Java HotSpot(TM) Client VM"/>
    <property name="file.encoding.pkg" value="sun.io"/>
    <property name="user.country" value="CN"/>
    <property name="sun.java.launcher" value="SUN_STANDARD"/>
    <property name="sun.os.patch.level" value=""/>
    <property name="java.vm.specification.name" value="Java Virtual Machine Specification"/>
    <property name="user.dir" value="E:\Workspaces\workspace-sts-3.2.0.M2\sh-sts-template"/>
    <property name="java.runtime.version" value="1.6.0_23-b05"/>
    <property name="java.awt.graphicsenv" value="sun.awt.Win32GraphicsEnvironment"/>
    <property name="basedir" value="E:\Workspaces\workspace-sts-3.2.0.M2\sh-sts-template"/>
    <property name="java.endorsed.dirs" value="C:\Program Files\Java\jdk1.6.0_23\jre\lib\endorsed"/>
    <property name="os.arch" value="x86"/>
    <property name="surefire.real.class.path" value="E:\Workspaces\workspace-sts-3.2.0.M2\sh-sts-template\target\surefire\surefirebooter767034068720415288.jar"/>
    <property name="java.io.tmpdir" value="C:\Users\Kigo\AppData\Local\Temp\"/>
    <property name="line.separator" value="
"/>
    <property name="java.vm.specification.vendor" value="Sun Microsystems Inc."/>
    <property name="user.variant" value=""/>
    <property name="os.name" value="Windows 7"/>
    <property name="sun.jnu.encoding" value="GBK"/>
    <property name="java.library.path" value="C:\Program Files\Java\jdk1.6.0_23\jre\bin;.;C:\Windows\Sun\Java\bin;C:\Windows\system32;C:\Windows;C:/Program Files/Java/jdk1.6.0_23/bin/../jre/bin/client;C:/Program Files/Java/jdk1.6.0_23/bin/../jre/bin;C:/Program Files/Java/jdk1.6.0_23/bin/../jre/lib/i386;D:\oraclexe\app\oracle\product\11.2.0\server\bin;;C:\Windows\system32;C:\Windows;C:\Windows\System32\Wbem;C:\Windows\System32\WindowsPowerShell\v1.0\;D:\Program Files\TortoiseSVN\bin;C:\Program Files\Java\jdk1.6.0_23\bin;C:\Program Files\Java\jdk1.6.0_23\jre\bin;E:\tools\maven\bin;C:\PROGRA~1\F-Secure\SSHTRI~1;;E:\tools\eclipse-helios\eclipse-helios;"/>
    <property name="surefire.test.class.path" value="E:\Workspaces\workspace-sts-3.2.0.M2\sh-sts-template\target\test-classes;E:\Workspaces\workspace-sts-3.2.0.M2\sh-sts-template\target\classes;E:\Workspaces\icitic\maven\GDNX_repository\repository\org\hibernate\hibernate-entitymanager\3.6.0.Final\hibernate-entitymanager-3.6.0.Final.jar;E:\Workspaces\icitic\maven\GDNX_repository\repository\org\hibernate\hibernate-core\3.6.0.Final\hibernate-core-3.6.0.Final.jar;E:\Workspaces\icitic\maven\GDNX_repository\repository\antlr\antlr\2.7.6\antlr-2.7.6.jar;E:\Workspaces\icitic\maven\GDNX_repository\repository\commons-collections\commons-collections\3.1\commons-collections-3.1.jar;E:\Workspaces\icitic\maven\GDNX_repository\repository\dom4j\dom4j\1.6.1\dom4j-1.6.1.jar;E:\Workspaces\icitic\maven\GDNX_repository\repository\org\hibernate\hibernate-commons-annotations\3.2.0.Final\hibernate-commons-annotations-3.2.0.Final.jar;E:\Workspaces\icitic\maven\GDNX_repository\repository\javax\transaction\jta\1.1\jta-1.1.jar;E:\Workspaces\icitic\maven\GDNX_repository\repository\cglib\cglib\2.2\cglib-2.2.jar;E:\Workspaces\icitic\maven\GDNX_repository\repository\asm\asm\3.1\asm-3.1.jar;E:\Workspaces\icitic\maven\GDNX_repository\repository\javassist\javassist\3.12.0.GA\javassist-3.12.0.GA.jar;E:\Workspaces\icitic\maven\GDNX_repository\repository\org\hibernate\javax\persistence\hibernate-jpa-2.0-api\1.0.0.Final\hibernate-jpa-2.0-api-1.0.0.Final.jar;E:\Workspaces\icitic\maven\GDNX_repository\repository\org\slf4j\slf4j-api\1.6.1\slf4j-api-1.6.1.jar;E:\Workspaces\icitic\maven\GDNX_repository\repository\junit\junit\4.7\junit-4.7.jar;E:\Workspaces\icitic\maven\GDNX_repository\repository\org\springframework\spring-test\3.0.6.RELEASE\spring-test-3.0.6.RELEASE.jar;E:\Workspaces\icitic\maven\GDNX_repository\repository\org\springframework\spring-context-support\3.0.6.RELEASE\spring-context-support-3.0.6.RELEASE.jar;E:\Workspaces\icitic\maven\GDNX_repository\repository\org\springframework\spring-beans\3.0.6.RELEASE\spring-beans-3.0.6.RELEASE.jar;E:\Workspaces\icitic\maven\GDNX_repository\repository\org\springframework\spring-context\3.0.6.RELEASE\spring-context-3.0.6.RELEASE.jar;E:\Workspaces\icitic\maven\GDNX_repository\repository\org\springframework\spring-expression\3.0.6.RELEASE\spring-expression-3.0.6.RELEASE.jar;E:\Workspaces\icitic\maven\GDNX_repository\repository\org\springframework\spring-core\3.0.6.RELEASE\spring-core-3.0.6.RELEASE.jar;E:\Workspaces\icitic\maven\GDNX_repository\repository\commons-logging\commons-logging\1.1.1\commons-logging-1.1.1.jar;E:\Workspaces\icitic\maven\GDNX_repository\repository\org\springframework\spring-aop\3.0.6.RELEASE\spring-aop-3.0.6.RELEASE.jar;E:\Workspaces\icitic\maven\GDNX_repository\repository\aopalliance\aopalliance\1.0\aopalliance-1.0.jar;E:\Workspaces\icitic\maven\GDNX_repository\repository\org\springframework\spring-asm\3.0.6.RELEASE\spring-asm-3.0.6.RELEASE.jar;E:\Workspaces\icitic\maven\GDNX_repository\repository\com\h2database\h2\1.3.156\h2-1.3.156.jar;E:\Workspaces\icitic\maven\GDNX_repository\repository\org\springframework\spring-orm\3.0.6.RELEASE\spring-orm-3.0.6.RELEASE.jar;E:\Workspaces\icitic\maven\GDNX_repository\repository\org\springframework\spring-jdbc\3.0.6.RELEASE\spring-jdbc-3.0.6.RELEASE.jar;E:\Workspaces\icitic\maven\GDNX_repository\repository\org\springframework\spring-tx\3.0.6.RELEASE\spring-tx-3.0.6.RELEASE.jar;E:\Workspaces\icitic\maven\GDNX_repository\repository\log4j\log4j\1.2.16\log4j-1.2.16.jar;E:\Workspaces\icitic\maven\GDNX_repository\repository\oracle\ojdbc\1.4\ojdbc-1.4.jar;E:\Workspaces\icitic\maven\GDNX_repository\repository\com\googlecode\genericdao\dao-hibernate\1.1.0\dao-hibernate-1.1.0.jar;E:\Workspaces\icitic\maven\GDNX_repository\repository\com\googlecode\genericdao\dao\1.1.0\dao-1.1.0.jar;E:\Workspaces\icitic\maven\GDNX_repository\repository\com\googlecode\genericdao\search\1.1.0\search-1.1.0.jar;E:\Workspaces\icitic\maven\GDNX_repository\repository\javax\persistence\persistence-api\1.0\persistence-api-1.0.jar;E:\Workspaces\icitic\maven\GDNX_repository\repository\com\googlecode\genericdao\search-hibernate\1.1.0\search-hibernate-1.1.0.jar;E:\Workspaces\icitic\maven\GDNX_repository\repository\com\jolbox\bonecp-provider\0.7.1.RELEASE\bonecp-provider-0.7.1.RELEASE.jar;E:\Workspaces\icitic\maven\GDNX_repository\repository\com\jolbox\bonecp\0.7.1.RELEASE\bonecp-0.7.1.RELEASE.jar;E:\Workspaces\icitic\maven\GDNX_repository\repository\com\google\guava\guava\r08\guava-r08.jar;E:\Workspaces\icitic\maven\GDNX_repository\repository\com\jolbox\bonecp-spring\0.7.1.RELEASE\bonecp-spring-0.7.1.RELEASE.jar;"/>
    <property name="java.specification.name" value="Java Platform API Specification"/>
    <property name="java.class.version" value="50.0"/>
    <property name="sun.management.compiler" value="HotSpot Client Compiler"/>
    <property name="os.version" value="6.1"/>
    <property name="user.home" value="D:\Users\Kigo\My Documents"/>
    <property name="user.timezone" value="Asia/Shanghai"/>
    <property name="java.awt.printerjob" value="sun.awt.windows.WPrinterJob"/>
    <property name="java.specification.version" value="1.6"/>
    <property name="file.encoding" value="GBK"/>
    <property name="user.name" value="Kigo"/>
    <property name="java.class.path" value="E:\Workspaces\workspace-sts-3.2.0.M2\sh-sts-template\target\test-classes;E:\Workspaces\workspace-sts-3.2.0.M2\sh-sts-template\target\classes;E:\Workspaces\icitic\maven\GDNX_repository\repository\org\hibernate\hibernate-entitymanager\3.6.0.Final\hibernate-entitymanager-3.6.0.Final.jar;E:\Workspaces\icitic\maven\GDNX_repository\repository\org\hibernate\hibernate-core\3.6.0.Final\hibernate-core-3.6.0.Final.jar;E:\Workspaces\icitic\maven\GDNX_repository\repository\antlr\antlr\2.7.6\antlr-2.7.6.jar;E:\Workspaces\icitic\maven\GDNX_repository\repository\commons-collections\commons-collections\3.1\commons-collections-3.1.jar;E:\Workspaces\icitic\maven\GDNX_repository\repository\dom4j\dom4j\1.6.1\dom4j-1.6.1.jar;E:\Workspaces\icitic\maven\GDNX_repository\repository\org\hibernate\hibernate-commons-annotations\3.2.0.Final\hibernate-commons-annotations-3.2.0.Final.jar;E:\Workspaces\icitic\maven\GDNX_repository\repository\javax\transaction\jta\1.1\jta-1.1.jar;E:\Workspaces\icitic\maven\GDNX_repository\repository\cglib\cglib\2.2\cglib-2.2.jar;E:\Workspaces\icitic\maven\GDNX_repository\repository\asm\asm\3.1\asm-3.1.jar;E:\Workspaces\icitic\maven\GDNX_repository\repository\javassist\javassist\3.12.0.GA\javassist-3.12.0.GA.jar;E:\Workspaces\icitic\maven\GDNX_repository\repository\org\hibernate\javax\persistence\hibernate-jpa-2.0-api\1.0.0.Final\hibernate-jpa-2.0-api-1.0.0.Final.jar;E:\Workspaces\icitic\maven\GDNX_repository\repository\org\slf4j\slf4j-api\1.6.1\slf4j-api-1.6.1.jar;E:\Workspaces\icitic\maven\GDNX_repository\repository\junit\junit\4.7\junit-4.7.jar;E:\Workspaces\icitic\maven\GDNX_repository\repository\org\springframework\spring-test\3.0.6.RELEASE\spring-test-3.0.6.RELEASE.jar;E:\Workspaces\icitic\maven\GDNX_repository\repository\org\springframework\spring-context-support\3.0.6.RELEASE\spring-context-support-3.0.6.RELEASE.jar;E:\Workspaces\icitic\maven\GDNX_repository\repository\org\springframework\spring-beans\3.0.6.RELEASE\spring-beans-3.0.6.RELEASE.jar;E:\Workspaces\icitic\maven\GDNX_repository\repository\org\springframework\spring-context\3.0.6.RELEASE\spring-context-3.0.6.RELEASE.jar;E:\Workspaces\icitic\maven\GDNX_repository\repository\org\springframework\spring-expression\3.0.6.RELEASE\spring-expression-3.0.6.RELEASE.jar;E:\Workspaces\icitic\maven\GDNX_repository\repository\org\springframework\spring-core\3.0.6.RELEASE\spring-core-3.0.6.RELEASE.jar;E:\Workspaces\icitic\maven\GDNX_repository\repository\commons-logging\commons-logging\1.1.1\commons-logging-1.1.1.jar;E:\Workspaces\icitic\maven\GDNX_repository\repository\org\springframework\spring-aop\3.0.6.RELEASE\spring-aop-3.0.6.RELEASE.jar;E:\Workspaces\icitic\maven\GDNX_repository\repository\aopalliance\aopalliance\1.0\aopalliance-1.0.jar;E:\Workspaces\icitic\maven\GDNX_repository\repository\org\springframework\spring-asm\3.0.6.RELEASE\spring-asm-3.0.6.RELEASE.jar;E:\Workspaces\icitic\maven\GDNX_repository\repository\com\h2database\h2\1.3.156\h2-1.3.156.jar;E:\Workspaces\icitic\maven\GDNX_repository\repository\org\springframework\spring-orm\3.0.6.RELEASE\spring-orm-3.0.6.RELEASE.jar;E:\Workspaces\icitic\maven\GDNX_repository\repository\org\springframework\spring-jdbc\3.0.6.RELEASE\spring-jdbc-3.0.6.RELEASE.jar;E:\Workspaces\icitic\maven\GDNX_repository\repository\org\springframework\spring-tx\3.0.6.RELEASE\spring-tx-3.0.6.RELEASE.jar;E:\Workspaces\icitic\maven\GDNX_repository\repository\log4j\log4j\1.2.16\log4j-1.2.16.jar;E:\Workspaces\icitic\maven\GDNX_repository\repository\oracle\ojdbc\1.4\ojdbc-1.4.jar;E:\Workspaces\icitic\maven\GDNX_repository\repository\com\googlecode\genericdao\dao-hibernate\1.1.0\dao-hibernate-1.1.0.jar;E:\Workspaces\icitic\maven\GDNX_repository\repository\com\googlecode\genericdao\dao\1.1.0\dao-1.1.0.jar;E:\Workspaces\icitic\maven\GDNX_repository\repository\com\googlecode\genericdao\search\1.1.0\search-1.1.0.jar;E:\Workspaces\icitic\maven\GDNX_repository\repository\javax\persistence\persistence-api\1.0\persistence-api-1.0.jar;E:\Workspaces\icitic\maven\GDNX_repository\repository\com\googlecode\genericdao\search-hibernate\1.1.0\search-hibernate-1.1.0.jar;E:\Workspaces\icitic\maven\GDNX_repository\repository\com\jolbox\bonecp-provider\0.7.1.RELEASE\bonecp-provider-0.7.1.RELEASE.jar;E:\Workspaces\icitic\maven\GDNX_repository\repository\com\jolbox\bonecp\0.7.1.RELEASE\bonecp-0.7.1.RELEASE.jar;E:\Workspaces\icitic\maven\GDNX_repository\repository\com\google\guava\guava\r08\guava-r08.jar;E:\Workspaces\icitic\maven\GDNX_repository\repository\com\jolbox\bonecp-spring\0.7.1.RELEASE\bonecp-spring-0.7.1.RELEASE.jar;"/>
    <property name="java.vm.specification.version" value="1.0"/>
    <property name="sun.arch.data.model" value="32"/>
    <property name="java.home" value="C:\Program Files\Java\jdk1.6.0_23\jre"/>
    <property name="java.specification.vendor" value="Sun Microsystems Inc."/>
    <property name="user.language" value="zh"/>
    <property name="awt.toolkit" value="sun.awt.windows.WToolkit"/>
    <property name="java.vm.info" value="mixed mode, sharing"/>
    <property name="java.version" value="1.6.0_23"/>
    <property name="java.ext.dirs" value="C:\Program Files\Java\jdk1.6.0_23\jre\lib\ext;C:\Windows\Sun\Java\lib\ext"/>
    <property name="sun.boot.class.path" value="C:\Program Files\Java\jdk1.6.0_23\jre\lib\resources.jar;C:\Program Files\Java\jdk1.6.0_23\jre\lib\rt.jar;C:\Program Files\Java\jdk1.6.0_23\jre\lib\sunrsasign.jar;C:\Program Files\Java\jdk1.6.0_23\jre\lib\jsse.jar;C:\Program Files\Java\jdk1.6.0_23\jre\lib\jce.jar;C:\Program Files\Java\jdk1.6.0_23\jre\lib\charsets.jar;C:\Program Files\Java\jdk1.6.0_23\jre\lib\modules\jdk.boot.jar;C:\Program Files\Java\jdk1.6.0_23\jre\classes"/>
    <property name="java.vendor" value="Sun Microsystems Inc."/>
    <property name="localRepository" value="E:\Workspaces\icitic\maven\GDNX_repository\repository"/>
    <property name="file.separator" value="\"/>
    <property name="java.vendor.url.bug" value="http://java.sun.com/cgi-bin/bugreport.cgi"/>
    <property name="sun.cpu.endian" value="little"/>
    <property name="sun.io.unicode.encoding" value="UnicodeLittle"/>
    <property name="sun.desktop" value="windows"/>
    <property name="sun.cpu.isalist" value="pentium_pro+mmx pentium_pro pentium+mmx pentium i486 i386 i86"/>
  </properties>
  <testcase time="2.732" classname="com.icitic.avp.bean.pojo.hbm.dao.IcSysParaDaoTest" name="testAddBean"/>
  <testcase time="0.187" classname="com.icitic.avp.bean.pojo.hbm.dao.IcSysParaDaoTest" name="testHibernateOriginalQuery"/>
  <testcase time="0.016" classname="com.icitic.avp.bean.pojo.hbm.dao.IcSysParaDaoTest" name="testList"/>
</testsuite>